[ 2017-10-18T17:01:12+08:00 ] ::1 /xm/project/
INFO: [ app_begin ] --START--
INFO: Run Behavior\ReadHtmlCache [ RunTime:0.031980s ]
INFO: [ app_begin ] --END-- [ RunTime:0.063167s ]
INFO: [ view_parse ] --START--
INFO: [ template_filter ] --START--
INFO: Run Behavior\ContentReplace [ RunTime:0.000063s ]
INFO: [ template_filter ] --END-- [ RunTime:0.000192s ]
INFO: Run Behavior\ParseTemplate [ RunTime:0.043737s ]
INFO: [ view_parse ] --END-- [ RunTime:0.043879s ]
INFO: [ view_filter ] --START--
INFO: Run Behavior\WriteHtmlCache [ RunTime:0.014656s ]
INFO: [ view_filter ] --END-- [ RunTime:0.014782s ]
INFO: [ app_end ] --START--
INFO: Run Behavior\ShowPageTrace [ RunTime:0.003003s ]
INFO: [ app_end ] --END-- [ RunTime:0.003140s ]

[ 2017-10-18T17:02:08+08:00 ] ::1 /xm/project/
INFO: [ app_begin ] --START--
INFO: Run Behavior\ReadHtmlCache [ RunTime:0.000646s ]
INFO: [ app_begin ] --END-- [ RunTime:0.001126s ]
INFO: [ view_parse ] --START--
NOTIC: [2] ucfirst() expects parameter 1 to be string, array given D:\wamp\www\xm\project\ThinkPHP\Library\Think\Storage.class.php 第 36 行.
INFO: Run Behavior\ParseTemplate [ RunTime:0.000516s ]
INFO: [ view_parse ] --END-- [ RunTime:0.000686s ]
INFO: [ view_filter ] --START--
INFO: Run Behavior\WriteHtmlCache [ RunTime:0.000477s ]
INFO: [ view_filter ] --END-- [ RunTime:0.000558s ]
INFO: [ app_end ] --START--
INFO: Run Behavior\ShowPageTrace [ RunTime:0.000721s ]
INFO: [ app_end ] --END-- [ RunTime:0.000810s ]

[ 2017-10-18T17:03:20+08:00 ] ::1 /xm/project/admin
INFO: [ app_begin ] --START--
INFO: Run Behavior\ReadHtmlCache [ RunTime:0.000730s ]
INFO: [ app_begin ] --END-- [ RunTime:0.001288s ]
INFO: [ view_parse ] --START--
INFO: [ template_filter ] --START--
INFO: Run Behavior\ContentReplace [ RunTime:0.000047s ]
INFO: [ template_filter ] --END-- [ RunTime:0.000134s ]
INFO: Run Behavior\ParseTemplate [ RunTime:0.007313s ]
INFO: [ view_parse ] --END-- [ RunTime:0.007409s ]
INFO: [ view_filter ] --START--
INFO: Run Behavior\WriteHtmlCache [ RunTime:0.000390s ]
INFO: [ view_filter ] --END-- [ RunTime:0.000463s ]
INFO: [ app_end ] --START--
INFO: Run Behavior\ShowPageTrace [ RunTime:0.000741s ]
INFO: [ app_end ] --END-- [ RunTime:0.000816s ]

[ 2017-10-18T17:03:56+08:00 ] ::1 /xm/project/admin
INFO: [ app_begin ] --START--
INFO: Run Behavior\ReadHtmlCache [ RunTime:0.000722s ]
INFO: [ app_begin ] --END-- [ RunTime:0.001281s ]
INFO: [ view_parse ] --START--
INFO: [ template_filter ] --START--
INFO: Run Behavior\ContentReplace [ RunTime:0.000041s ]
INFO: [ template_filter ] --END-- [ RunTime:0.000130s ]
INFO: Run Behavior\ParseTemplate [ RunTime:0.006360s ]
INFO: [ view_parse ] --END-- [ RunTime:0.006445s ]
INFO: [ view_filter ] --START--
INFO: Run Behavior\WriteHtmlCache [ RunTime:0.000305s ]
INFO: [ view_filter ] --END-- [ RunTime:0.000377s ]
INFO: [ app_end ] --START--
INFO: Run Behavior\ShowPageTrace [ RunTime:0.000667s ]
INFO: [ app_end ] --END-- [ RunTime:0.000749s ]

[ 2017-10-18T17:05:09+08:00 ] ::1 /xm/project/admin
INFO: [ app_begin ] --START--
INFO: Run Behavior\ReadHtmlCache [ RunTime:0.000561s ]
INFO: [ app_begin ] --END-- [ RunTime:0.000984s ]
NOTIC: [2] Missing argument 1 for Think\Controller::assign(), called in D:\wamp\www\xm\project\Application\Admin\Controller\IndexController.class.php on line 7 and defined D:\wamp\www\xm\project\ThinkPHP\Library\Think\Controller.class.php 第 121 行.
NOTIC: [8] Undefined variable: name D:\wamp\www\xm\project\ThinkPHP\Library\Think\Controller.class.php 第 122 行.
ERR: 模板不存在:./Application/Admin/View/Index/test.html

[ 2017-10-18T17:06:09+08:00 ] ::1 /xm/project/admin
INFO: [ app_begin ] --START--
INFO: Run Behavior\ReadHtmlCache [ RunTime:0.000848s ]
INFO: [ app_begin ] --END-- [ RunTime:0.001340s ]
NOTIC: [2] Missing argument 1 for Think\Controller::assign(), called in D:\wamp\www\xm\project\Application\Admin\Controller\IndexController.class.php on line 7 and defined D:\wamp\www\xm\project\ThinkPHP\Library\Think\Controller.class.php 第 121 行.
NOTIC: [8] Undefined variable: name D:\wamp\www\xm\project\ThinkPHP\Library\Think\Controller.class.php 第 122 行.
INFO: [ view_parse ] --START--
INFO: [ template_filter ] --START--
INFO: Run Behavior\ContentReplace [ RunTime:0.000047s ]
INFO: [ template_filter ] --END-- [ RunTime:0.000137s ]
INFO: Run Behavior\ParseTemplate [ RunTime:0.008049s ]
INFO: [ view_parse ] --END-- [ RunTime:0.008169s ]
INFO: [ view_filter ] --START--
INFO: Run Behavior\WriteHtmlCache [ RunTime:0.000640s ]
INFO: [ view_filter ] --END-- [ RunTime:0.000830s ]
INFO: [ app_end ] --START--
INFO: Run Behavior\ShowPageTrace [ RunTime:0.001026s ]
INFO: [ app_end ] --END-- [ RunTime:0.001111s ]

[ 2017-10-18T17:07:19+08:00 ] ::1 /xm/project/admin
INFO: [ app_begin ] --START--
INFO: Run Behavior\ReadHtmlCache [ RunTime:0.000555s ]
INFO: [ app_begin ] --END-- [ RunTime:0.000964s ]
NOTIC: [2] Missing argument 1 for Think\Controller::assign(), called in D:\wamp\www\xm\project\Application\Admin\Controller\IndexController.class.php on line 7 and defined D:\wamp\www\xm\project\ThinkPHP\Library\Think\Controller.class.php 第 121 行.
NOTIC: [8] Undefined variable: name D:\wamp\www\xm\project\ThinkPHP\Library\Think\Controller.class.php 第 122 行.
ERR: 模板不存在:./Application/Admin/View//test.html

[ 2017-10-18T17:07:27+08:00 ] ::1 /xm/project/admin
INFO: [ app_begin ] --START--
INFO: Run Behavior\ReadHtmlCache [ RunTime:0.000811s ]
INFO: [ app_begin ] --END-- [ RunTime:0.001318s ]
NOTIC: [2] Missing argument 1 for Think\Controller::assign(), called in D:\wamp\www\xm\project\Application\Admin\Controller\IndexController.class.php on line 7 and defined D:\wamp\www\xm\project\ThinkPHP\Library\Think\Controller.class.php 第 121 行.
NOTIC: [8] Undefined variable: name D:\wamp\www\xm\project\ThinkPHP\Library\Think\Controller.class.php 第 122 行.
ERR: 模板不存在:./Application/Admin/View/./test.html

[ 2017-10-18T17:07:35+08:00 ] ::1 /xm/project/admin
INFO: [ app_begin ] --START--
INFO: Run Behavior\ReadHtmlCache [ RunTime:0.000606s ]
INFO: [ app_begin ] --END-- [ RunTime:0.001056s ]
NOTIC: [2] Missing argument 1 for Think\Controller::assign(), called in D:\wamp\www\xm\project\Application\Admin\Controller\IndexController.class.php on line 7 and defined D:\wamp\www\xm\project\ThinkPHP\Library\Think\Controller.class.php 第 121 行.
NOTIC: [8] Undefined variable: name D:\wamp\www\xm\project\ThinkPHP\Library\Think\Controller.class.php 第 122 行.
INFO: [ view_parse ] --START--
INFO: [ template_filter ] --START--
INFO: Run Behavior\ContentReplace [ RunTime:0.000041s ]
INFO: [ template_filter ] --END-- [ RunTime:0.000124s ]
INFO: Run Behavior\ParseTemplate [ RunTime:0.006666s ]
INFO: [ view_parse ] --END-- [ RunTime:0.006753s ]
INFO: [ view_filter ] --START--
INFO: Run Behavior\WriteHtmlCache [ RunTime:0.000249s ]
INFO: [ view_filter ] --END-- [ RunTime:0.000314s ]
INFO: [ app_end ] --START--
INFO: Run Behavior\ShowPageTrace [ RunTime:0.000752s ]
INFO: [ app_end ] --END-- [ RunTime:0.000819s ]

